#"Progress (%)"	"Step"	"Time (ps)"	"Potential Energy (kJ/mole)"	"Kinetic Energy (kJ/mole)"	"Total Energy (kJ/mole)"	"Temperature (K)"	"Box Volume (nm^3)"	"Density (g/mL)"	"Speed (ns/day)"	"Time Remaining"
2.0%	10000	19.999999999999794	-103005.99394968795	25960.383967282574	-77045.60998240538	327.13253890287626	192.0	0.8610582889713119	0	--
4.0%	20000	40.00000000000292	-102327.8597113823	25473.826317278523	-76854.03339410378	321.00131836434184	192.0	0.8610582889713119	39.2	35:13
6.0%	30000	60.00000000002736	-102111.89396742255	25922.2897380544	-76189.60422936815	326.65250509672506	192.0	0.8610582889713119	39.3	34:24
8.0%	40000	79.99999999999496	-102610.38528703387	25875.1637062072	-76735.22158082668	326.05865954859985	192.0	0.8610582889713119	39.1	33:51
10.0%	50000	99.99999999994834	-103345.31081441326	25777.2342086327	-77568.07660578056	324.8246282948478	192.0	0.8610582889713119	39	33:13
12.0%	60000	119.99999999990173	-103177.09658326216	26080.5289544212	-77096.56762884096	328.6465124530612	192.0	0.8610582889713119	39	32:27
14.0%	70000	139.99999999994037	-102313.68844223263	26162.09628807485	-76151.59215415778	329.6743604611371	192.0	0.8610582889713119	39	31:43
16.0%	80000	160.00000000003587	-102726.1290055678	26347.963549505545	-76378.16545606226	332.0165149226188	192.0	0.8610582889713119	39	30:59
18.0%	90000	180.00000000013137	-102814.87474554403	26051.694202285256	-76763.18054325877	328.2831593652658	192.0	0.8610582889713119	38.9	30:19
20.0%	100000	200.00000000022686	-102752.10350173929	25991.81926657269	-76760.28423516659	327.5286620604115	192.0	0.8610582889713119	38.9	29:38
22.0%	110000	220.00000000032236	-102281.05886165517	25709.003407818665	-76572.05545383651	323.964836886146	192.0	0.8610582889713119	38.8	28:56
24.0%	120000	240.00000000041786	-102428.83901374596	25953.67690219299	-76475.16211155297	327.048021692572	192.0	0.8610582889713119	38.8	28:12
26.0%	130000	260.00000000051335	-103595.67143649893	25307.410827744094	-78288.26060875483	318.90427998182895	192.0	0.8610582889713119	38.8	27:27
28.0%	140000	280.00000000060885	-103086.86985444154	25714.662469094426	-77372.20738534711	324.0361479686507	192.0	0.8610582889713119	38.8	26:44
30.0%	150000	300.00000000070435	-103641.70539149856	26058.671083229918	-77583.03430826864	328.3710765848234	192.0	0.8610582889713119	38.8	25:58
32.0%	160000	320.00000000079984	-102624.15705563058	25373.585297802758	-77250.57175782783	319.73815911197306	192.0	0.8610582889713119	38.8	25:13
34.0%	170000	340.00000000089534	-102759.56516222974	25392.569393542406	-77366.99576868734	319.97738190027667	192.0	0.8610582889713119	38.8	24:28
36.0%	180000	360.00000000099084	-101970.24694979926	25672.82174836943	-76297.42520142983	323.5089037946992	192.0	0.8610582889713119	38.8	23:45
38.0%	190000	380.00000000108633	-102338.89279831963	25608.66750302763	-76730.22529529201	322.7004819629378	192.0	0.8610582889713119	38.8	23:00
40.0%	200000	400.00000000118183	-102449.62826397753	25759.955740527374	-76689.67252345016	324.6068984975239	192.0	0.8610582889713119	38.8	22:14
42.0%	210000	420.00000000127733	-102730.91388076692	25777.804761061205	-76953.10911970571	324.83181795216376	192.0	0.8610582889713119	38.8	21:30
44.0%	220000	440.0000000013728	-102263.453332686	25994.658070297908	-76268.79526238808	327.56443445388794	192.0	0.8610582889713119	38.8	20:46
46.0%	230000	460.0000000014683	-102508.29591035504	26029.780057773707	-76478.51585258133	328.0070143844758	192.0	0.8610582889713119	38.8	20:01
48.0%	240000	480.0000000015638	-102930.57802765106	25498.418430328336	-77432.15959732272	321.31120901885265	192.0	0.8610582889713119	38.8	19:18
50.0%	250000	500.0000000016593	-102842.41395094605	25826.87757243477	-77015.53637851129	325.4501952995854	192.0	0.8610582889713119	38.8	18:34
52.0%	260000	520.0000000015274	-102658.09916868266	25304.69110766071	-77353.40806102195	318.87000818765586	192.0	0.8610582889713119	38.7	17:51
54.0%	270000	540.0000000010544	-102152.495781249	25487.933154641792	-76664.5626266072	321.17908174135323	192.0	0.8610582889713119	38.7	17:06
56.0%	280000	560.0000000005815	-102800.35862897418	25933.779259415118	-76866.57936955907	326.7972870960301	192.0	0.8610582889713119	38.7	16:21
58.0%	290000	580.0000000001086	-102829.42243383765	25717.491557975514	-77111.93087586213	324.0717979432281	192.0	0.8610582889713119	38.7	15:36
60.0%	300000	599.9999999996356	-102847.448211587	25486.97545308496	-77360.47275850204	321.1670135322623	192.0	0.8610582889713119	38.7	14:52
62.0%	310000	619.9999999991627	-103000.29507585324	25448.032403916306	-77552.26267193693	320.6762835583445	192.0	0.8610582889713119	38.7	14:07
64.0%	320000	639.9999999986898	-103345.75723086084	25747.93234682571	-77597.82488403513	324.4553890547972	192.0	0.8610582889713119	38.8	13:22
66.0%	330000	659.9999999982168	-103653.33657131893	25868.157883299737	-77785.1786880192	325.97037762496916	192.0	0.8610582889713119	38.8	12:37
68.0%	340000	679.9999999977439	-103650.99966715537	25066.79542284756	-78584.20424430781	315.8722320582641	192.0	0.8610582889713119	38.8	11:52
70.0%	350000	699.999999997271	-103010.12681454557	25915.761227649808	-77094.36558689576	326.57023789348955	192.0	0.8610582889713119	38.8	11:07
72.0%	360000	719.999999996798	-102866.84815354506	25363.20662895341	-77503.64152459164	319.60737521080273	192.0	0.8610582889713119	38.8	10:22
74.0%	370000	739.9999999963251	-102874.79304938762	25867.01498571509	-77007.77806367254	325.95597571978004	192.0	0.8610582889713119	38.9	9:38
76.0%	380000	759.9999999958521	-102908.08364555346	25650.023520998027	-77258.06012455543	323.22161829029795	192.0	0.8610582889713119	38.9	8:53
78.0%	390000	779.9999999953792	-102572.11743553617	25434.674403156117	-77137.44303238005	320.5079564369562	192.0	0.8610582889713119	38.9	8:08
80.0%	400000	799.9999999949063	-102925.52218060475	26039.03927148143	-76886.48290912333	328.1236917838651	192.0	0.8610582889713119	38.9	7:24
82.0%	410000	819.9999999944333	-102594.07205401508	25671.12466822941	-76922.94738578566	323.48751851258527	192.0	0.8610582889713119	38.9	6:39
84.0%	420000	839.9999999939604	-102224.86849862862	25727.117088724513	-76497.75140990411	324.193091384657	192.0	0.8610582889713119	38.9	5:55
86.0%	430000	859.9999999934874	-102167.21943508803	25852.894642634616	-76314.32479245341	325.77804215423964	192.0	0.8610582889713119	38.9	5:10
88.0%	440000	879.9999999930145	-103192.45080733292	25498.38530918257	-77694.06549815035	321.3107916519709	192.0	0.8610582889713119	38.9	4:26
90.0%	450000	899.9999999925416	-102941.54167344108	25767.214497916997	-77174.32717552409	324.6983677044948	192.0	0.8610582889713119	39	3:41
92.0%	460000	919.9999999920686	-102879.67490983293	25646.705617206913	-77232.96929262602	323.1798086509494	192.0	0.8610582889713119	39	2:57
94.0%	470000	939.9999999915957	-102767.46781839346	25696.50582803469	-77070.96199035877	323.80735211974087	192.0	0.8610582889713119	39	2:12
96.0%	480000	959.9999999911228	-102066.28794629434	25719.888376287112	-76346.39957000723	324.10200078077276	192.0	0.8610582889713119	39	1:28
98.0%	490000	979.9999999906498	-102679.75717854047	25378.70293236095	-77301.05424617953	319.8026475566859	192.0	0.8610582889713119	39	0:44
100.0%	500000	999.9999999901769	-102359.67040475259	26047.920417871974	-76311.7499868806	328.23560507339	192.0	0.8610582889713119	39	0:00
